<?xml version="1.0" encoding="UTF-8"?>
<testsuites>
  <testsuite id="0" name="/Users/andrewd/Workspace/GitHub/MercifulCode/chell-viz/src/component/__tests__/TComponent.test.tsx" errors="0" package="/Users/andrewd/Workspace/GitHub/MercifulCode/chell-viz/src/component/__tests__/TComponent.test.tsx" hostname="localhost" tests="1" failures="0" time="0.852" timestamp="2018-03-09T17:02:05">
    <properties>
    </properties>
    <testcase classname="Should match existing snapshot when given simple data." name="Should match existing snapshot when given simple data." time="0">
    </testcase>
    <system-out/>
    <system-err/>
  </testsuite>
  <testsuite id="1" name="/Users/andrewd/Workspace/GitHub/MercifulCode/chell-viz/src/container/__tests__/NGLContainer.test.tsx" errors="0" package="/Users/andrewd/Workspace/GitHub/MercifulCode/chell-viz/src/container/__tests__/NGLContainer.test.tsx" hostname="localhost" tests="1" failures="0" time="0.285" timestamp="2018-03-09T17:02:06">
    <properties>
    </properties>
    <testcase classname="Should match existing snapshot when given no props." name="Should match existing snapshot when given no props." time="0">
    </testcase>
    <system-out/>
    <system-err/>
  </testsuite>
</testsuites>